2021-01-08 00:00:08 [scrapy.utils.log] INFO: Scrapy 2.4.1 started (bot: homework)
2021-01-08 00:00:08 [scrapy.utils.log] INFO: Versions: lxml 4.5.2.0, libxml2 2.9.10, cssselect 1.1.0, parsel 1.6.0, w3lib 1.22.0, Twisted 20.3.0, Python 3.8.5 (default, Jul 21 2020, 10:48:26) - [Clang 11.0.3 (clang-1103.0.32.62)], pyOpenSSL 20.0.1 (OpenSSL 1.1.1i  8 Dec 2020), cryptography 3.3.1, Platform macOS-10.15.4-x86_64-i386-64bit
2021-01-08 00:00:08 [scrapy.utils.log] DEBUG: Using reactor: twisted.internet.selectreactor.SelectReactor
2021-01-08 00:00:08 [scrapy.crawler] INFO: Overridden settings:
{'BOT_NAME': 'homework',
 'FEED_EXPORT_ENCODING': 'utf-8',
 'LOG_FILE': './output/yahoo.log',
 'NEWSPIDER_MODULE': 'homework.spiders',
 'ROBOTSTXT_OBEY': True,
 'SPIDER_MODULES': ['homework.spiders']}
2021-01-08 00:00:08 [scrapy.extensions.telnet] INFO: Telnet Password: 1f623acec96367b2
2021-01-08 00:00:08 [py.warnings] WARNING: /usr/local/lib/python3.8/site-packages/scrapy/extensions/feedexport.py:247: ScrapyDeprecationWarning: The `FEED_URI` and `FEED_FORMAT` settings have been deprecated in favor of the `FEEDS` setting. Please see the `FEEDS` setting docs for more details
  exporter = cls(crawler)

2021-01-08 00:00:08 [scrapy.middleware] INFO: Enabled extensions:
['scrapy.extensions.corestats.CoreStats',
 'scrapy.extensions.telnet.TelnetConsole',
 'scrapy.extensions.memusage.MemoryUsage',
 'scrapy.extensions.feedexport.FeedExporter',
 'scrapy.extensions.logstats.LogStats']
2021-01-08 00:00:08 [scrapy.middleware] INFO: Enabled downloader middlewares:
['scrapy.downloadermiddlewares.robotstxt.RobotsTxtMiddleware',
 'scrapy.downloadermiddlewares.httpauth.HttpAuthMiddleware',
 'scrapy.downloadermiddlewares.downloadtimeout.DownloadTimeoutMiddleware',
 'scrapy.downloadermiddlewares.defaultheaders.DefaultHeadersMiddleware',
 'scrapy.downloadermiddlewares.useragent.UserAgentMiddleware',
 'scrapy.downloadermiddlewares.retry.RetryMiddleware',
 'scrapy.downloadermiddlewares.redirect.MetaRefreshMiddleware',
 'scrapy.downloadermiddlewares.httpcompression.HttpCompressionMiddleware',
 'scrapy.downloadermiddlewares.redirect.RedirectMiddleware',
 'scrapy.downloadermiddlewares.cookies.CookiesMiddleware',
 'scrapy.downloadermiddlewares.httpproxy.HttpProxyMiddleware',
 'scrapy.downloadermiddlewares.stats.DownloaderStats']
2021-01-08 00:00:08 [scrapy.middleware] INFO: Enabled spider middlewares:
['scrapy.spidermiddlewares.httperror.HttpErrorMiddleware',
 'scrapy.spidermiddlewares.offsite.OffsiteMiddleware',
 'scrapy.spidermiddlewares.referer.RefererMiddleware',
 'scrapy.spidermiddlewares.urllength.UrlLengthMiddleware',
 'scrapy.spidermiddlewares.depth.DepthMiddleware']
2021-01-08 00:00:08 [scrapy.middleware] INFO: Enabled item pipelines:
[]
2021-01-08 00:00:08 [scrapy.core.engine] INFO: Spider opened
2021-01-08 00:00:08 [scrapy.extensions.logstats] INFO: Crawled 0 pages (at 0 pages/min), scraped 0 items (at 0 items/min)
2021-01-08 00:00:08 [scrapy.extensions.telnet] INFO: Telnet console listening on 127.0.0.1:6023
2021-01-08 00:00:08 [scrapy.downloadermiddlewares.redirect] DEBUG: Redirecting (301) to <GET https://tw.yahoo.com/robots.txt> from <GET http://tw.yahoo.com/robots.txt>
2021-01-08 00:00:08 [scrapy.core.engine] DEBUG: Crawled (200) <GET https://tw.yahoo.com/robots.txt> (referer: None)
2021-01-08 00:00:08 [scrapy.downloadermiddlewares.redirect] DEBUG: Redirecting (301) to <GET https://tw.yahoo.com/> from <GET http://tw.yahoo.com/>
2021-01-08 00:00:09 [scrapy.core.engine] DEBUG: Crawled (200) <GET https://tw.yahoo.com/> (referer: None)
2021-01-08 00:00:09 [scrapy.core.scraper] ERROR: Spider error processing <GET https://tw.yahoo.com/> (referer: None)
Traceback (most recent call last):
  File "/usr/local/lib/python3.8/site-packages/scrapy/utils/defer.py", line 120, in iter_errback
    yield next(it)
  File "/usr/local/lib/python3.8/site-packages/scrapy/utils/python.py", line 353, in __next__
    return next(self.data)
  File "/usr/local/lib/python3.8/site-packages/scrapy/utils/python.py", line 353, in __next__
    return next(self.data)
  File "/usr/local/lib/python3.8/site-packages/scrapy/core/spidermw.py", line 62, in _evaluate_iterable
    for r in iterable:
  File "/usr/local/lib/python3.8/site-packages/scrapy/spidermiddlewares/offsite.py", line 29, in process_spider_output
    for x in result:
  File "/usr/local/lib/python3.8/site-packages/scrapy/core/spidermw.py", line 62, in _evaluate_iterable
    for r in iterable:
  File "/usr/local/lib/python3.8/site-packages/scrapy/spidermiddlewares/referer.py", line 340, in <genexpr>
    return (_set_referer(r) for r in result or ())
  File "/usr/local/lib/python3.8/site-packages/scrapy/core/spidermw.py", line 62, in _evaluate_iterable
    for r in iterable:
  File "/usr/local/lib/python3.8/site-packages/scrapy/spidermiddlewares/urllength.py", line 37, in <genexpr>
    return (r for r in result or () if _filter(r))
  File "/usr/local/lib/python3.8/site-packages/scrapy/core/spidermw.py", line 62, in _evaluate_iterable
    for r in iterable:
  File "/usr/local/lib/python3.8/site-packages/scrapy/spidermiddlewares/depth.py", line 58, in <genexpr>
    return (r for r in result or () if _filter(r))
  File "/usr/local/lib/python3.8/site-packages/scrapy/core/spidermw.py", line 62, in _evaluate_iterable
    for r in iterable:
  File "/Users/Pacy/Downloads/Day027_Scrapy_item/homework/spiders/yahoo.py", line 10, in parse
    item = HomeworkItem()
NameError: name 'HomeworkItem' is not defined
2021-01-08 00:00:09 [scrapy.core.engine] INFO: Closing spider (finished)
2021-01-08 00:00:09 [scrapy.statscollectors] INFO: Dumping Scrapy stats:
{'downloader/request_bytes': 868,
 'downloader/request_count': 4,
 'downloader/request_method_count/GET': 4,
 'downloader/response_bytes': 82429,
 'downloader/response_count': 4,
 'downloader/response_status_count/200': 2,
 'downloader/response_status_count/301': 2,
 'elapsed_time_seconds': 0.932134,
 'finish_reason': 'finished',
 'finish_time': datetime.datetime(2021, 1, 7, 16, 0, 9, 477139),
 'log_count/DEBUG': 4,
 'log_count/ERROR': 1,
 'log_count/INFO': 10,
 'log_count/WARNING': 1,
 'memusage/max': 49807360,
 'memusage/startup': 49807360,
 'response_received_count': 2,
 'robotstxt/request_count': 1,
 'robotstxt/response_count': 1,
 'robotstxt/response_status_count/200': 1,
 'scheduler/dequeued': 2,
 'scheduler/dequeued/memory': 2,
 'scheduler/enqueued': 2,
 'scheduler/enqueued/memory': 2,
 'spider_exceptions/NameError': 1,
 'start_time': datetime.datetime(2021, 1, 7, 16, 0, 8, 545005)}
2021-01-08 00:00:09 [scrapy.core.engine] INFO: Spider closed (finished)
2021-01-08 00:01:12 [scrapy.utils.log] INFO: Scrapy 2.4.1 started (bot: homework)
2021-01-08 00:01:12 [scrapy.utils.log] INFO: Versions: lxml 4.5.2.0, libxml2 2.9.10, cssselect 1.1.0, parsel 1.6.0, w3lib 1.22.0, Twisted 20.3.0, Python 3.8.5 (default, Jul 21 2020, 10:48:26) - [Clang 11.0.3 (clang-1103.0.32.62)], pyOpenSSL 20.0.1 (OpenSSL 1.1.1i  8 Dec 2020), cryptography 3.3.1, Platform macOS-10.15.4-x86_64-i386-64bit
2021-01-08 00:01:12 [scrapy.utils.log] DEBUG: Using reactor: twisted.internet.selectreactor.SelectReactor
2021-01-08 00:01:12 [scrapy.crawler] INFO: Overridden settings:
{'BOT_NAME': 'homework',
 'FEED_EXPORT_ENCODING': 'utf-8',
 'LOG_FILE': './output/yahoo.log',
 'NEWSPIDER_MODULE': 'homework.spiders',
 'ROBOTSTXT_OBEY': True,
 'SPIDER_MODULES': ['homework.spiders']}
2021-01-08 00:01:12 [scrapy.extensions.telnet] INFO: Telnet Password: 222308cf09f6fbe1
2021-01-08 00:01:12 [py.warnings] WARNING: /usr/local/lib/python3.8/site-packages/scrapy/extensions/feedexport.py:247: ScrapyDeprecationWarning: The `FEED_URI` and `FEED_FORMAT` settings have been deprecated in favor of the `FEEDS` setting. Please see the `FEEDS` setting docs for more details
  exporter = cls(crawler)

2021-01-08 00:01:12 [scrapy.middleware] INFO: Enabled extensions:
['scrapy.extensions.corestats.CoreStats',
 'scrapy.extensions.telnet.TelnetConsole',
 'scrapy.extensions.memusage.MemoryUsage',
 'scrapy.extensions.feedexport.FeedExporter',
 'scrapy.extensions.logstats.LogStats']
2021-01-08 00:01:13 [scrapy.middleware] INFO: Enabled downloader middlewares:
['scrapy.downloadermiddlewares.robotstxt.RobotsTxtMiddleware',
 'scrapy.downloadermiddlewares.httpauth.HttpAuthMiddleware',
 'scrapy.downloadermiddlewares.downloadtimeout.DownloadTimeoutMiddleware',
 'scrapy.downloadermiddlewares.defaultheaders.DefaultHeadersMiddleware',
 'scrapy.downloadermiddlewares.useragent.UserAgentMiddleware',
 'scrapy.downloadermiddlewares.retry.RetryMiddleware',
 'scrapy.downloadermiddlewares.redirect.MetaRefreshMiddleware',
 'scrapy.downloadermiddlewares.httpcompression.HttpCompressionMiddleware',
 'scrapy.downloadermiddlewares.redirect.RedirectMiddleware',
 'scrapy.downloadermiddlewares.cookies.CookiesMiddleware',
 'scrapy.downloadermiddlewares.httpproxy.HttpProxyMiddleware',
 'scrapy.downloadermiddlewares.stats.DownloaderStats']
2021-01-08 00:01:13 [scrapy.middleware] INFO: Enabled spider middlewares:
['scrapy.spidermiddlewares.httperror.HttpErrorMiddleware',
 'scrapy.spidermiddlewares.offsite.OffsiteMiddleware',
 'scrapy.spidermiddlewares.referer.RefererMiddleware',
 'scrapy.spidermiddlewares.urllength.UrlLengthMiddleware',
 'scrapy.spidermiddlewares.depth.DepthMiddleware']
2021-01-08 00:01:13 [scrapy.middleware] INFO: Enabled item pipelines:
[]
2021-01-08 00:01:13 [scrapy.core.engine] INFO: Spider opened
2021-01-08 00:01:13 [scrapy.extensions.logstats] INFO: Crawled 0 pages (at 0 pages/min), scraped 0 items (at 0 items/min)
2021-01-08 00:01:13 [scrapy.extensions.telnet] INFO: Telnet console listening on 127.0.0.1:6023
2021-01-08 00:01:13 [scrapy.downloadermiddlewares.redirect] DEBUG: Redirecting (301) to <GET https://tw.yahoo.com/robots.txt> from <GET http://tw.yahoo.com/robots.txt>
2021-01-08 00:01:13 [scrapy.core.engine] DEBUG: Crawled (200) <GET https://tw.yahoo.com/robots.txt> (referer: None)
2021-01-08 00:01:13 [scrapy.downloadermiddlewares.redirect] DEBUG: Redirecting (301) to <GET https://tw.yahoo.com/> from <GET http://tw.yahoo.com/>
2021-01-08 00:01:13 [scrapy.core.engine] DEBUG: Crawled (200) <GET https://tw.yahoo.com/> (referer: None)
2021-01-08 00:01:14 [scrapy.core.scraper] ERROR: Spider error processing <GET https://tw.yahoo.com/> (referer: None)
Traceback (most recent call last):
  File "/usr/local/lib/python3.8/site-packages/scrapy/utils/defer.py", line 120, in iter_errback
    yield next(it)
  File "/usr/local/lib/python3.8/site-packages/scrapy/utils/python.py", line 353, in __next__
    return next(self.data)
  File "/usr/local/lib/python3.8/site-packages/scrapy/utils/python.py", line 353, in __next__
    return next(self.data)
  File "/usr/local/lib/python3.8/site-packages/scrapy/core/spidermw.py", line 62, in _evaluate_iterable
    for r in iterable:
  File "/usr/local/lib/python3.8/site-packages/scrapy/spidermiddlewares/offsite.py", line 29, in process_spider_output
    for x in result:
  File "/usr/local/lib/python3.8/site-packages/scrapy/core/spidermw.py", line 62, in _evaluate_iterable
    for r in iterable:
  File "/usr/local/lib/python3.8/site-packages/scrapy/spidermiddlewares/referer.py", line 340, in <genexpr>
    return (_set_referer(r) for r in result or ())
  File "/usr/local/lib/python3.8/site-packages/scrapy/core/spidermw.py", line 62, in _evaluate_iterable
    for r in iterable:
  File "/usr/local/lib/python3.8/site-packages/scrapy/spidermiddlewares/urllength.py", line 37, in <genexpr>
    return (r for r in result or () if _filter(r))
  File "/usr/local/lib/python3.8/site-packages/scrapy/core/spidermw.py", line 62, in _evaluate_iterable
    for r in iterable:
  File "/usr/local/lib/python3.8/site-packages/scrapy/spidermiddlewares/depth.py", line 58, in <genexpr>
    return (r for r in result or () if _filter(r))
  File "/usr/local/lib/python3.8/site-packages/scrapy/core/spidermw.py", line 62, in _evaluate_iterable
    for r in iterable:
  File "/Users/Pacy/Downloads/Day027_Scrapy_item/homework/spiders/yahoo.py", line 10, in parse
    item = HomeworkItem()
NameError: name 'HomeworkItem' is not defined
2021-01-08 00:01:14 [scrapy.core.engine] INFO: Closing spider (finished)
2021-01-08 00:01:14 [scrapy.statscollectors] INFO: Dumping Scrapy stats:
{'downloader/request_bytes': 868,
 'downloader/request_count': 4,
 'downloader/request_method_count/GET': 4,
 'downloader/response_bytes': 81017,
 'downloader/response_count': 4,
 'downloader/response_status_count/200': 2,
 'downloader/response_status_count/301': 2,
 'elapsed_time_seconds': 1.020776,
 'finish_reason': 'finished',
 'finish_time': datetime.datetime(2021, 1, 7, 16, 1, 14, 70218),
 'log_count/DEBUG': 4,
 'log_count/ERROR': 1,
 'log_count/INFO': 10,
 'log_count/WARNING': 1,
 'memusage/max': 49782784,
 'memusage/startup': 49782784,
 'response_received_count': 2,
 'robotstxt/request_count': 1,
 'robotstxt/response_count': 1,
 'robotstxt/response_status_count/200': 1,
 'scheduler/dequeued': 2,
 'scheduler/dequeued/memory': 2,
 'scheduler/enqueued': 2,
 'scheduler/enqueued/memory': 2,
 'spider_exceptions/NameError': 1,
 'start_time': datetime.datetime(2021, 1, 7, 16, 1, 13, 49442)}
2021-01-08 00:01:14 [scrapy.core.engine] INFO: Spider closed (finished)
2021-01-08 00:02:11 [scrapy.utils.log] INFO: Scrapy 2.4.1 started (bot: homework)
2021-01-08 00:02:11 [scrapy.utils.log] INFO: Versions: lxml 4.5.2.0, libxml2 2.9.10, cssselect 1.1.0, parsel 1.6.0, w3lib 1.22.0, Twisted 20.3.0, Python 3.8.5 (default, Jul 21 2020, 10:48:26) - [Clang 11.0.3 (clang-1103.0.32.62)], pyOpenSSL 20.0.1 (OpenSSL 1.1.1i  8 Dec 2020), cryptography 3.3.1, Platform macOS-10.15.4-x86_64-i386-64bit
2021-01-08 00:02:11 [scrapy.utils.log] DEBUG: Using reactor: twisted.internet.selectreactor.SelectReactor
2021-01-08 00:02:11 [scrapy.crawler] INFO: Overridden settings:
{'BOT_NAME': 'homework',
 'FEED_EXPORT_ENCODING': 'utf-8',
 'LOG_FILE': './output/yahoo.log',
 'NEWSPIDER_MODULE': 'homework.spiders',
 'ROBOTSTXT_OBEY': True,
 'SPIDER_MODULES': ['homework.spiders']}
2021-01-08 00:02:11 [scrapy.extensions.telnet] INFO: Telnet Password: 5fdb7cd19773f3d5
2021-01-08 00:02:11 [py.warnings] WARNING: /usr/local/lib/python3.8/site-packages/scrapy/extensions/feedexport.py:247: ScrapyDeprecationWarning: The `FEED_URI` and `FEED_FORMAT` settings have been deprecated in favor of the `FEEDS` setting. Please see the `FEEDS` setting docs for more details
  exporter = cls(crawler)

2021-01-08 00:02:11 [scrapy.extensions.feedexport] ERROR: Unknown feed format: html
2021-01-08 00:02:11 [scrapy.middleware] INFO: Enabled extensions:
['scrapy.extensions.corestats.CoreStats',
 'scrapy.extensions.telnet.TelnetConsole',
 'scrapy.extensions.memusage.MemoryUsage',
 'scrapy.extensions.logstats.LogStats']
2021-01-08 00:02:11 [scrapy.middleware] INFO: Enabled downloader middlewares:
['scrapy.downloadermiddlewares.robotstxt.RobotsTxtMiddleware',
 'scrapy.downloadermiddlewares.httpauth.HttpAuthMiddleware',
 'scrapy.downloadermiddlewares.downloadtimeout.DownloadTimeoutMiddleware',
 'scrapy.downloadermiddlewares.defaultheaders.DefaultHeadersMiddleware',
 'scrapy.downloadermiddlewares.useragent.UserAgentMiddleware',
 'scrapy.downloadermiddlewares.retry.RetryMiddleware',
 'scrapy.downloadermiddlewares.redirect.MetaRefreshMiddleware',
 'scrapy.downloadermiddlewares.httpcompression.HttpCompressionMiddleware',
 'scrapy.downloadermiddlewares.redirect.RedirectMiddleware',
 'scrapy.downloadermiddlewares.cookies.CookiesMiddleware',
 'scrapy.downloadermiddlewares.httpproxy.HttpProxyMiddleware',
 'scrapy.downloadermiddlewares.stats.DownloaderStats']
2021-01-08 00:02:11 [scrapy.middleware] INFO: Enabled spider middlewares:
['scrapy.spidermiddlewares.httperror.HttpErrorMiddleware',
 'scrapy.spidermiddlewares.offsite.OffsiteMiddleware',
 'scrapy.spidermiddlewares.referer.RefererMiddleware',
 'scrapy.spidermiddlewares.urllength.UrlLengthMiddleware',
 'scrapy.spidermiddlewares.depth.DepthMiddleware']
2021-01-08 00:02:11 [scrapy.middleware] INFO: Enabled item pipelines:
[]
2021-01-08 00:02:11 [scrapy.core.engine] INFO: Spider opened
2021-01-08 00:02:11 [scrapy.extensions.logstats] INFO: Crawled 0 pages (at 0 pages/min), scraped 0 items (at 0 items/min)
2021-01-08 00:02:11 [scrapy.extensions.telnet] INFO: Telnet console listening on 127.0.0.1:6023
2021-01-08 00:02:11 [scrapy.downloadermiddlewares.redirect] DEBUG: Redirecting (301) to <GET https://tw.yahoo.com/robots.txt> from <GET http://tw.yahoo.com/robots.txt>
2021-01-08 00:02:12 [scrapy.core.engine] DEBUG: Crawled (200) <GET https://tw.yahoo.com/robots.txt> (referer: None)
2021-01-08 00:02:12 [scrapy.downloadermiddlewares.redirect] DEBUG: Redirecting (301) to <GET https://tw.yahoo.com/> from <GET http://tw.yahoo.com/>
2021-01-08 00:02:12 [scrapy.core.engine] DEBUG: Crawled (200) <GET https://tw.yahoo.com/> (referer: None)
2021-01-08 00:02:12 [scrapy.core.scraper] ERROR: Spider error processing <GET https://tw.yahoo.com/> (referer: None)
Traceback (most recent call last):
  File "/usr/local/lib/python3.8/site-packages/scrapy/utils/defer.py", line 120, in iter_errback
    yield next(it)
  File "/usr/local/lib/python3.8/site-packages/scrapy/utils/python.py", line 353, in __next__
    return next(self.data)
  File "/usr/local/lib/python3.8/site-packages/scrapy/utils/python.py", line 353, in __next__
    return next(self.data)
  File "/usr/local/lib/python3.8/site-packages/scrapy/core/spidermw.py", line 62, in _evaluate_iterable
    for r in iterable:
  File "/usr/local/lib/python3.8/site-packages/scrapy/spidermiddlewares/offsite.py", line 29, in process_spider_output
    for x in result:
  File "/usr/local/lib/python3.8/site-packages/scrapy/core/spidermw.py", line 62, in _evaluate_iterable
    for r in iterable:
  File "/usr/local/lib/python3.8/site-packages/scrapy/spidermiddlewares/referer.py", line 340, in <genexpr>
    return (_set_referer(r) for r in result or ())
  File "/usr/local/lib/python3.8/site-packages/scrapy/core/spidermw.py", line 62, in _evaluate_iterable
    for r in iterable:
  File "/usr/local/lib/python3.8/site-packages/scrapy/spidermiddlewares/urllength.py", line 37, in <genexpr>
    return (r for r in result or () if _filter(r))
  File "/usr/local/lib/python3.8/site-packages/scrapy/core/spidermw.py", line 62, in _evaluate_iterable
    for r in iterable:
  File "/usr/local/lib/python3.8/site-packages/scrapy/spidermiddlewares/depth.py", line 58, in <genexpr>
    return (r for r in result or () if _filter(r))
  File "/usr/local/lib/python3.8/site-packages/scrapy/core/spidermw.py", line 62, in _evaluate_iterable
    for r in iterable:
  File "/Users/Pacy/Downloads/Day027_Scrapy_item/homework/spiders/yahoo.py", line 10, in parse
    item = HomeworkItem()
NameError: name 'HomeworkItem' is not defined
2021-01-08 00:02:12 [scrapy.core.engine] INFO: Closing spider (finished)
2021-01-08 00:02:12 [scrapy.statscollectors] INFO: Dumping Scrapy stats:
{'downloader/request_bytes': 868,
 'downloader/request_count': 4,
 'downloader/request_method_count/GET': 4,
 'downloader/response_bytes': 81009,
 'downloader/response_count': 4,
 'downloader/response_status_count/200': 2,
 'downloader/response_status_count/301': 2,
 'elapsed_time_seconds': 1.125378,
 'finish_reason': 'finished',
 'finish_time': datetime.datetime(2021, 1, 7, 16, 2, 12, 999073),
 'log_count/DEBUG': 4,
 'log_count/ERROR': 2,
 'log_count/INFO': 10,
 'log_count/WARNING': 1,
 'memusage/max': 49795072,
 'memusage/startup': 49795072,
 'response_received_count': 2,
 'robotstxt/request_count': 1,
 'robotstxt/response_count': 1,
 'robotstxt/response_status_count/200': 1,
 'scheduler/dequeued': 2,
 'scheduler/dequeued/memory': 2,
 'scheduler/enqueued': 2,
 'scheduler/enqueued/memory': 2,
 'spider_exceptions/NameError': 1,
 'start_time': datetime.datetime(2021, 1, 7, 16, 2, 11, 873695)}
2021-01-08 00:02:13 [scrapy.core.engine] INFO: Spider closed (finished)
