2021-01-07 23:55:04 [scrapy.utils.log] INFO: Scrapy 2.4.1 started (bot: homework)
2021-01-07 23:55:04 [scrapy.utils.log] INFO: Versions: lxml 4.5.2.0, libxml2 2.9.10, cssselect 1.1.0, parsel 1.6.0, w3lib 1.22.0, Twisted 20.3.0, Python 3.8.5 (default, Jul 21 2020, 10:48:26) - [Clang 11.0.3 (clang-1103.0.32.62)], pyOpenSSL 20.0.1 (OpenSSL 1.1.1i  8 Dec 2020), cryptography 3.3.1, Platform macOS-10.15.4-x86_64-i386-64bit
2021-01-07 23:55:04 [scrapy.utils.log] DEBUG: Using reactor: twisted.internet.selectreactor.SelectReactor
2021-01-07 23:55:04 [scrapy.crawler] INFO: Overridden settings:
{'BOT_NAME': 'homework',
 'FEED_EXPORT_ENCODING': 'utf-8',
 'LOG_FILE': './output/womany.log',
 'NEWSPIDER_MODULE': 'homework.spiders',
 'ROBOTSTXT_OBEY': True,
 'SPIDER_MODULES': ['homework.spiders']}
2021-01-07 23:55:05 [scrapy.extensions.telnet] INFO: Telnet Password: a1a43ee2730f087d
2021-01-07 23:55:05 [py.warnings] WARNING: /usr/local/lib/python3.8/site-packages/scrapy/extensions/feedexport.py:247: ScrapyDeprecationWarning: The `FEED_URI` and `FEED_FORMAT` settings have been deprecated in favor of the `FEEDS` setting. Please see the `FEEDS` setting docs for more details
  exporter = cls(crawler)

2021-01-07 23:55:05 [scrapy.middleware] INFO: Enabled extensions:
['scrapy.extensions.corestats.CoreStats',
 'scrapy.extensions.telnet.TelnetConsole',
 'scrapy.extensions.memusage.MemoryUsage',
 'scrapy.extensions.feedexport.FeedExporter',
 'scrapy.extensions.logstats.LogStats']
2021-01-07 23:55:05 [scrapy.middleware] INFO: Enabled downloader middlewares:
['scrapy.downloadermiddlewares.robotstxt.RobotsTxtMiddleware',
 'scrapy.downloadermiddlewares.httpauth.HttpAuthMiddleware',
 'scrapy.downloadermiddlewares.downloadtimeout.DownloadTimeoutMiddleware',
 'scrapy.downloadermiddlewares.defaultheaders.DefaultHeadersMiddleware',
 'scrapy.downloadermiddlewares.useragent.UserAgentMiddleware',
 'scrapy.downloadermiddlewares.retry.RetryMiddleware',
 'scrapy.downloadermiddlewares.redirect.MetaRefreshMiddleware',
 'scrapy.downloadermiddlewares.httpcompression.HttpCompressionMiddleware',
 'scrapy.downloadermiddlewares.redirect.RedirectMiddleware',
 'scrapy.downloadermiddlewares.cookies.CookiesMiddleware',
 'scrapy.downloadermiddlewares.httpproxy.HttpProxyMiddleware',
 'scrapy.downloadermiddlewares.stats.DownloaderStats']
2021-01-07 23:55:05 [scrapy.middleware] INFO: Enabled spider middlewares:
['scrapy.spidermiddlewares.httperror.HttpErrorMiddleware',
 'scrapy.spidermiddlewares.offsite.OffsiteMiddleware',
 'scrapy.spidermiddlewares.referer.RefererMiddleware',
 'scrapy.spidermiddlewares.urllength.UrlLengthMiddleware',
 'scrapy.spidermiddlewares.depth.DepthMiddleware']
2021-01-07 23:55:05 [scrapy.middleware] INFO: Enabled item pipelines:
[]
2021-01-07 23:55:05 [scrapy.core.engine] INFO: Spider opened
2021-01-07 23:55:05 [scrapy.extensions.logstats] INFO: Crawled 0 pages (at 0 pages/min), scraped 0 items (at 0 items/min)
2021-01-07 23:55:05 [scrapy.extensions.telnet] INFO: Telnet console listening on 127.0.0.1:6023
2021-01-07 23:55:05 [scrapy.core.engine] DEBUG: Crawled (200) <GET http://womany.net/robots.txt> (referer: None)
2021-01-07 23:55:05 [scrapy.downloadermiddlewares.redirect] DEBUG: Redirecting (301) to <GET https://womany.net/> from <GET http://womany.net/>
2021-01-07 23:55:05 [scrapy.core.engine] DEBUG: Crawled (200) <GET https://womany.net/> (referer: None)
2021-01-07 23:55:05 [scrapy.core.scraper] DEBUG: Scraped from <200 https://womany.net/>
{'content': ['女人迷 Womany',
             'INDEX,FOLLOW',
             '吾思傳媒從台灣出發的國際化媒體社群，以多元、性別與包容為核心，以數據、技術分析為基底，引領趨勢議題、創造質感內容、引發社群動能並串聯海內外女性影響力，為世界帶來改變的動力。',
             'width=device-width, initial-scale=1.0, maximum-scale=1.0, '
             'user-scalable=0, minimal-ui',
             'yes',
             '#333333',
             '#333333',
             'https://knight.womany.net/images/womany_logo_300x300.png',
             '7Blo_lgtnpDMk1_VjM79-jQ1ka2BjJqe3QId2-qYdHo',
             'origin-when-cross-origin',
             '226870747360988',
             '女人迷 Womany',
             'https://womany.net',
             '女人迷 Womany',
             '吾思傳媒從台灣出發的國際化媒體社群，以多元、性別與包容為核心，以數據、技術分析為基底，引領趨勢議題、創造質感內容、引發社群動能並串聯海內外女性影響力，為世界帶來改變的動力。',
             'website',
             'http://womany.net/images/default_share_1200x630.png',
             'https://womany.net/images/default_share_1200x630.png',
             '1200',
             '630',
             'https://womany.net/images/default_share_1200x630.png',
             '@womanyeditor',
             '@womanyeditor',
             '女人迷 Womany',
             '吾思傳媒從台灣出發的國際化媒體社群，以多元、性別與包容為核心，以數據、技術分析為基底，引領趨勢議題、創造質感內容、引發社群動能並串聯海內外女性影響力，為世界帶來改變的動力。',
             'summary_large_image',
             'authenticity_token',
             'DzMSrU5y/VxTCtDx4yGzs7tt2ZgzFEyUUi7zv6udHxfqLp4SEHOv0gjsMS48i1mH6GLx8udS1p3jG8Jhcnn2CA==',
             'https://womany.net/collections',
             'https://womany.net/hottopics',
             '關注興趣',
             'https://womany.net/interests',
             'https://womany.net/interests/empowerment',
             'https://womany.net/topics/self-leading',
             'https://womany.net/interests/relationship',
             'https://womany.net/interests/sense',
             'https://womany.net/interests/beauty',
             'https://womany.net/topics/highfashion',
             'https://womany.net/interests/health',
             'https://womany.net/topics/theme-travel',
             'https://womany.net/topics/femme-finance',
             'https://womany.net/read',
             'https://womany.net/timeline',
             'https://womany.net/top_writers',
             'https://womany.net/trials',
             'https://womany.net/events',
             'https://womany.net/shop',
             'https://talk.womany.net/',
             'https://womany.net/apps/wpaper',
             'https://womany.net/hk',
             'https://womany.net/genderpower',
             'https://womany.net/imhome',
             'https://lianhonghong.com/'],
 'title': '女人迷 Womany'}
2021-01-07 23:55:05 [scrapy.core.engine] INFO: Closing spider (finished)
2021-01-07 23:55:05 [scrapy.extensions.feedexport] INFO: Stored xml feed (1 items) in: ./output/womany.xml
2021-01-07 23:55:05 [scrapy.statscollectors] INFO: Dumping Scrapy stats:
{'downloader/request_bytes': 764,
 'downloader/request_count': 3,
 'downloader/request_method_count/GET': 3,
 'downloader/response_bytes': 33429,
 'downloader/response_count': 3,
 'downloader/response_status_count/200': 2,
 'downloader/response_status_count/301': 1,
 'elapsed_time_seconds': 0.508753,
 'finish_reason': 'finished',
 'finish_time': datetime.datetime(2021, 1, 7, 15, 55, 5, 700561),
 'item_scraped_count': 1,
 'log_count/DEBUG': 4,
 'log_count/INFO': 11,
 'log_count/WARNING': 1,
 'memusage/max': 49823744,
 'memusage/startup': 49823744,
 'response_received_count': 2,
 'robotstxt/request_count': 1,
 'robotstxt/response_count': 1,
 'robotstxt/response_status_count/200': 1,
 'scheduler/dequeued': 2,
 'scheduler/dequeued/memory': 2,
 'scheduler/enqueued': 2,
 'scheduler/enqueued/memory': 2,
 'start_time': datetime.datetime(2021, 1, 7, 15, 55, 5, 191808)}
2021-01-07 23:55:05 [scrapy.core.engine] INFO: Spider closed (finished)
